0.6418 	WARNING 	We strongly recommend you activate the PTB sound engine in PsychoPy prefs as the preferred audio engine. Its timing is vastly superior. Your prefs are currently set to use ['sounddevice', 'PTB', 'pyo', 'pygame'] (in that order).
14.6975 	WARNING 	User requested fullscreen with size [1280  720], but screen is actually [1792, 1120]. Using actual size
16.9210 	WARNING 	Couldn't measure a consistent frame rate.
  - Is your graphics card set to sync to vertical blank?
  - Are you running other processes on your computer?

16.9214 	EXP 	Created window1 = Window(allowGUI=True, allowStencil=False, autoLog=True, backendConf=UNKNOWN, bitsMode=UNKNOWN, blendMode='avg', bpc=(8, 8, 8), color=array([0, 0, 0]), colorSpace='rgb', depthBits=8, fullscr=<method-wrapper '__getattribute__' of attributeSetter object at 0x7ffaa901aa58>, gamma=None, gammaErrorPolicy='raise', lms=UNKNOWN, monitor=<psychopy.monitors.calibTools.Monitor object at 0x7ffad781a7f0>, multiSample=False, name='window1', numSamples=2, pos=[448.0, 280.0], screen=0, size=array([3584, 2240]), stencilBits=0, stereo=False, units='norm', useFBO=True, useRetina=True, viewOri=0.0, viewPos=None, viewScale=None, waitBlanking=True, winType='pyglet')
16.9238 	EXP 	window1: mouseVisible = True
16.9238 	EXP 	window1: recordFrameIntervals = False
17.0850 	EXP 	window1: recordFrameIntervals = True
18.7522 	WARNING 	Couldn't measure a consistent frame rate.
  - Is your graphics card set to sync to vertical blank?
  - Are you running other processes on your computer?

20.7762 	EXP 	Created Instructions_2 = TextStim(__class__=<class 'psychopy.visual.text.TextStim'>, alignHoriz=method-wrapper(...), alignText='center', alignVert=method-wrapper(...), anchorHoriz='center', anchorVert='center', antialias=True, autoLog=True, bold=False, color=array([1., 1., 1.]), colorSpace='rgb', contrast=1.0, depth=-1.0, flipHoriz=False, flipVert=False, font='Arial', fontFiles=[], height=0.06, italic=False, languageStyle='LTR', name='Instructions_2', opacity=1, ori=0, pos=array([0., 0.]), rgb=UNKNOWN, text=str(...), units='norm', win=Window(...), wrapWidth=1)
21.2031 	EXP 	Created text_3 = TextStim(__class__=<class 'psychopy.visual.text.TextStim'>, alignHoriz=method-wrapper(...), alignText='center', alignVert=method-wrapper(...), anchorHoriz='center', anchorVert='center', antialias=True, autoLog=True, bold=False, color=array([1., 1., 1.]), colorSpace='rgb', contrast=1.0, depth=0.0, flipHoriz=False, flipVert=False, font='Open Sans', fontFiles=[], height=0.1, italic=False, languageStyle='LTR', name='text_3', opacity=1, ori=0.0, pos=array([0., 0.]), rgb=UNKNOWN, text='Short example begins ...', units='norm', win=Window(...), wrapWidth=1)
21.2173 	EXP 	Created Instructions_3 = TextStim(__class__=<class 'psychopy.visual.text.TextStim'>, alignHoriz=method-wrapper(...), alignText='center', alignVert=method-wrapper(...), anchorHoriz='center', anchorVert='center', antialias=True, autoLog=True, bold=False, color=array([1., 1., 1.]), colorSpace='rgb', contrast=1.0, depth=-1.0, flipHoriz=False, flipVert=False, font='Arial', fontFiles=[], height=0.08, italic=False, languageStyle='LTR', name='Instructions_3', opacity=1, ori=0, pos=array([0. , 0.8]), rgb=UNKNOWN, text=str(...), units='norm', win=Window(...), wrapWidth=1)
21.6296 	EXP 	Created Instructions_5 = TextStim(__class__=<class 'psychopy.visual.text.TextStim'>, alignHoriz=method-wrapper(...), alignText='center', alignVert=method-wrapper(...), anchorHoriz='center', anchorVert='center', antialias=True, autoLog=True, bold=False, color=array([1., 1., 1.]), colorSpace='rgb', contrast=1.0, depth=0.0, flipHoriz=False, flipVert=False, font='Arial', fontFiles=[], height=0.08, italic=False, languageStyle='LTR', name='Instructions_5', opacity=1, ori=0, pos=array([0. , 0.8]), rgb=UNKNOWN, text=str(...), units='norm', win=Window(...), wrapWidth=1)
21.6332 	EXP 	Created Instructions_6 = TextStim(__class__=<class 'psychopy.visual.text.TextStim'>, alignHoriz=method-wrapper(...), alignText='center', alignVert=method-wrapper(...), anchorHoriz='center', anchorVert='center', antialias=True, autoLog=True, bold=False, color=array([1., 1., 1.]), colorSpace='rgb', contrast=1.0, depth=0.0, flipHoriz=False, flipVert=False, font='Arial', fontFiles=[], height=0.08, italic=False, languageStyle='LTR', name='Instructions_6', opacity=1, ori=0, pos=array([0. , 0.8]), rgb=UNKNOWN, text=str(...), units='norm', win=Window(...), wrapWidth=1)
21.7064 	EXP 	Sound Beep set volume 1.000
21.7087 	EXP 	Created feedback_txt = TextStim(__class__=<class 'psychopy.visual.text.TextStim'>, alignHoriz=method-wrapper(...), alignText='center', alignVert=method-wrapper(...), anchorHoriz='center', anchorVert='center', antialias=True, autoLog=True, bold=False, color=array([1., 1., 1.]), colorSpace='rgb', contrast=1.0, depth=0.0, flipHoriz=False, flipVert=False, font='Open Sans', fontFiles=[], height=0.1, italic=False, languageStyle='LTR', name='feedback_txt', opacity=1, ori=0.0, pos=array([0., 0.]), rgb=UNKNOWN, text='', units='norm', win=Window(...), wrapWidth=1)
21.7147 	EXP 	Created text_4 = TextStim(__class__=<class 'psychopy.visual.text.TextStim'>, alignHoriz=method-wrapper(...), alignText='center', alignVert=method-wrapper(...), anchorHoriz='center', anchorVert='center', antialias=True, autoLog=True, bold=False, color=array([1., 1., 1.]), colorSpace='rgb', contrast=1.0, depth=0.0, flipHoriz=False, flipVert=False, font='Open Sans', fontFiles=[], height=0.1, italic=False, languageStyle='LTR', name='text_4', opacity=1, ori=0.0, pos=array([0., 0.]), rgb=UNKNOWN, text='Long example begins ...', units='norm', win=Window(...), wrapWidth=1)
21.7196 	EXP 	Created Instructions_3 = TextStim(__class__=<class 'psychopy.visual.text.TextStim'>, alignHoriz=method-wrapper(...), alignText='center', alignVert=method-wrapper(...), anchorHoriz='center', anchorVert='center', antialias=True, autoLog=True, bold=False, color=array([1., 1., 1.]), colorSpace='rgb', contrast=1.0, depth=-1.0, flipHoriz=False, flipVert=False, font='Arial', fontFiles=[], height=0.08, italic=False, languageStyle='LTR', name='Instructions_3', opacity=1, ori=0, pos=array([0. , 0.8]), rgb=UNKNOWN, text=str(...), units='norm', win=Window(...), wrapWidth=1)
22.1400 	EXP 	Created Instructions_5 = TextStim(__class__=<class 'psychopy.visual.text.TextStim'>, alignHoriz=method-wrapper(...), alignText='center', alignVert=method-wrapper(...), anchorHoriz='center', anchorVert='center', antialias=True, autoLog=True, bold=False, color=array([1., 1., 1.]), colorSpace='rgb', contrast=1.0, depth=0.0, flipHoriz=False, flipVert=False, font='Arial', fontFiles=[], height=0.08, italic=False, languageStyle='LTR', name='Instructions_5', opacity=1, ori=0, pos=array([0. , 0.8]), rgb=UNKNOWN, text=str(...), units='norm', win=Window(...), wrapWidth=1)
22.1436 	EXP 	Created Instructions_6 = TextStim(__class__=<class 'psychopy.visual.text.TextStim'>, alignHoriz=method-wrapper(...), alignText='center', alignVert=method-wrapper(...), anchorHoriz='center', anchorVert='center', antialias=True, autoLog=True, bold=False, color=array([1., 1., 1.]), colorSpace='rgb', contrast=1.0, depth=0.0, flipHoriz=False, flipVert=False, font='Arial', fontFiles=[], height=0.08, italic=False, languageStyle='LTR', name='Instructions_6', opacity=1, ori=0, pos=array([0. , 0.8]), rgb=UNKNOWN, text=str(...), units='norm', win=Window(...), wrapWidth=1)
22.1440 	EXP 	Sound Beep set volume 1.000
22.1451 	EXP 	Created feedback_txt = TextStim(__class__=<class 'psychopy.visual.text.TextStim'>, alignHoriz=method-wrapper(...), alignText='center', alignVert=method-wrapper(...), anchorHoriz='center', anchorVert='center', antialias=True, autoLog=True, bold=False, color=array([1., 1., 1.]), colorSpace='rgb', contrast=1.0, depth=0.0, flipHoriz=False, flipVert=False, font='Open Sans', fontFiles=[], height=0.1, italic=False, languageStyle='LTR', name='feedback_txt', opacity=1, ori=0.0, pos=array([0., 0.]), rgb=UNKNOWN, text='', units='norm', win=Window(...), wrapWidth=1)
22.1510 	EXP 	Created text_2 = TextStim(__class__=<class 'psychopy.visual.text.TextStim'>, alignHoriz=method-wrapper(...), alignText='center', alignVert=method-wrapper(...), anchorHoriz='center', anchorVert='center', antialias=True, autoLog=True, bold=False, color=array([1., 1., 1.]), colorSpace='rgb', contrast=1.0, depth=0.0, flipHoriz=False, flipVert=False, font='Open Sans', fontFiles=[], height=0.1, italic=False, languageStyle='LTR', name='text_2', opacity=1, ori=0.0, pos=array([0., 0.]), rgb=UNKNOWN, text='Main training Begins ...', units='norm', win=Window(...), wrapWidth=1)
22.1550 	EXP 	Created Instructions_3 = TextStim(__class__=<class 'psychopy.visual.text.TextStim'>, alignHoriz=method-wrapper(...), alignText='center', alignVert=method-wrapper(...), anchorHoriz='center', anchorVert='center', antialias=True, autoLog=True, bold=False, color=array([1., 1., 1.]), colorSpace='rgb', contrast=1.0, depth=-1.0, flipHoriz=False, flipVert=False, font='Arial', fontFiles=[], height=0.08, italic=False, languageStyle='LTR', name='Instructions_3', opacity=1, ori=0, pos=array([0. , 0.8]), rgb=UNKNOWN, text=str(...), units='norm', win=Window(...), wrapWidth=1)
22.5712 	EXP 	Created Instructions_5 = TextStim(__class__=<class 'psychopy.visual.text.TextStim'>, alignHoriz=method-wrapper(...), alignText='center', alignVert=method-wrapper(...), anchorHoriz='center', anchorVert='center', antialias=True, autoLog=True, bold=False, color=array([1., 1., 1.]), colorSpace='rgb', contrast=1.0, depth=0.0, flipHoriz=False, flipVert=False, font='Arial', fontFiles=[], height=0.08, italic=False, languageStyle='LTR', name='Instructions_5', opacity=1, ori=0, pos=array([0. , 0.8]), rgb=UNKNOWN, text=str(...), units='norm', win=Window(...), wrapWidth=1)
22.5749 	EXP 	Created Instructions_6 = TextStim(__class__=<class 'psychopy.visual.text.TextStim'>, alignHoriz=method-wrapper(...), alignText='center', alignVert=method-wrapper(...), anchorHoriz='center', anchorVert='center', antialias=True, autoLog=True, bold=False, color=array([1., 1., 1.]), colorSpace='rgb', contrast=1.0, depth=0.0, flipHoriz=False, flipVert=False, font='Arial', fontFiles=[], height=0.08, italic=False, languageStyle='LTR', name='Instructions_6', opacity=1, ori=0, pos=array([0. , 0.8]), rgb=UNKNOWN, text=str(...), units='norm', win=Window(...), wrapWidth=1)
22.5754 	EXP 	Sound Beep set volume 1.000
22.5897 	EXP 	window1: mouseVisible = True
22.6061 	EXP 	Created timing_slider = Slider(__class__=<class 'psychopy.visual.slider.Slider'>, autoDraw=False, autoLog=True, borderColor=None, color=None, colorSpace='rgb', depth=-1, fillColor=None, flip=False, font='Open Sans', granularity=1.0, labelHeight=0.07, labelWrapWidth=None, labels=('0ms', '1000ms'), name='timing_slider', opacity=None, pos=(0, -0.4), readOnly=False, self=UNKNOWN, size=(1.5, 0.2), startValue=None, style=method-wrapper(...), styleTweaks=method-wrapper(...), ticks=array([   0, 1000]), units='norm', win=Window(...))
22.6336 	EXP 	window1: mouseVisible = True
22.6540 	EXP 	Created timing_question = TextStim(__class__=<class 'psychopy.visual.text.TextStim'>, alignHoriz=method-wrapper(...), alignText='center', alignVert=method-wrapper(...), anchorHoriz='center', anchorVert='center', antialias=True, autoLog=True, bold=False, color=array([1., 1., 1.]), colorSpace='rgb', contrast=1.0, depth=-4.0, flipHoriz=False, flipVert=False, font='Arial', fontFiles=[], height=0.09, italic=False, languageStyle='LTR', name='timing_question', opacity=1, ori=0, pos=array([0. , 0.1]), rgb=UNKNOWN, text=str(...), units='norm', win=Window(...), wrapWidth=1)
22.6552 	EXP 	Created feedback_txt = TextStim(__class__=<class 'psychopy.visual.text.TextStim'>, alignHoriz=method-wrapper(...), alignText='center', alignVert=method-wrapper(...), anchorHoriz='center', anchorVert='center', antialias=True, autoLog=True, bold=False, color=array([1., 1., 1.]), colorSpace='rgb', contrast=1.0, depth=0.0, flipHoriz=False, flipVert=False, font='Open Sans', fontFiles=[], height=0.1, italic=False, languageStyle='LTR', name='feedback_txt', opacity=1, ori=0.0, pos=array([0., 0.]), rgb=UNKNOWN, text='', units='norm', win=Window(...), wrapWidth=1)
22.6652 	EXP 	Created Instructions_7 = TextStim(__class__=<class 'psychopy.visual.text.TextStim'>, alignHoriz=method-wrapper(...), alignText='center', alignVert=method-wrapper(...), anchorHoriz='center', anchorVert='center', antialias=True, autoLog=True, bold=False, color=array([1., 1., 1.]), colorSpace='rgb', contrast=1.0, depth=0.0, flipHoriz=False, flipVert=False, font='Arial', fontFiles=[], height=0.1, italic=False, languageStyle='LTR', name='Instructions_7', opacity=1, ori=0, pos=array([0., 0.]), rgb=UNKNOWN, text='Thanks for participating', units='norm', win=Window(...), wrapWidth=1)
22.6658 	EXP 	window1: mouseVisible = False
22.6755 	WARNING 	t of last frame was 3923.47ms (=1/0)
22.6755 	EXP 	timing_slider: autoLog = True
22.6755 	EXP 	timing_slider: markerPos = None
22.6755 	EXP 	timing_slider: rating = None
22.6755 	EXP 	timing_slider: markerPos = None
22.6755 	EXP 	timing_slider: contrast = 1.0
22.6755 	EXP 	timing_slider: autoLog = True
22.6755 	EXP 	timing_slider: styleTweaks = []
22.6755 	EXP 	timing_slider: style = 'slider'
22.6755 	EXP 	timing_slider: styleTweaks = []
22.6755 	EXP 	Timetext: autoLog = True
22.6755 	EXP 	Instructions_2: autoDraw = True
34.1217 	WARNING 	t of last frame was 20.12ms (=1/49)
36.1536 	WARNING 	t of last frame was 20.07ms (=1/49)
36.5536 	WARNING 	t of last frame was 20.01ms (=1/49)
36.9375 	WARNING 	Multiple dropped frames have occurred - I'll stop bothering you about them!
62.2866 	EXP 	Instructions_2: autoDraw = False
62.2866 	EXP 	text_3: autoDraw = True
63.2880 	EXP 	Imported cond_short.xlsx as conditions, 5 conditions, 2 params
63.2887 	EXP 	Created sequence: random, trialTypes=5, nReps=1, seed=None
63.2889 	EXP 	New trial (rep=0, index=0): {'delaymain': 0, 'delayms': '0ms'}
63.2890 	EXP 	window1: mouseVisible = False
63.2958 	EXP 	text_3: autoDraw = False
63.2958 	EXP 	text_3: autoDraw = False
63.2958 	EXP 	Instructions_3: autoDraw = True
65.7205 	EXP 	Instructions_3: autoDraw = False
65.7205 	EXP 	Instructions_5: autoDraw = True
65.7205 	EXP 	Instructions_5: autoDraw = False
65.7205 	EXP 	Instructions_5: autoDraw = False
65.7205 	EXP 	Instructions_6: autoDraw = True
65.8340 	EXP 	Instructions_6: autoDraw = False
65.8340 	EXP 	feedback_txt: text = '0ms'
65.8340 	EXP 	feedback_txt: autoDraw = True
66.4214 	EXP 	New trial (rep=0, index=1): {'delaymain': 0, 'delayms': '0ms'}
66.4215 	EXP 	window1: mouseVisible = False
66.4345 	EXP 	feedback_txt: autoDraw = False
66.4345 	EXP 	Instructions_3: autoDraw = True
70.4506 	EXP 	Instructions_3: autoDraw = False
70.4506 	EXP 	Instructions_5: autoDraw = True
70.4506 	EXP 	Instructions_5: autoDraw = False
70.4506 	EXP 	Instructions_5: autoDraw = False
70.4506 	EXP 	Instructions_6: autoDraw = True
70.5534 	EXP 	Instructions_6: autoDraw = False
70.5677 	EXP 	Instructions_6: autoDraw = False
70.5677 	EXP 	feedback_txt: text = '0ms'
70.5677 	EXP 	feedback_txt: autoDraw = True
71.1541 	EXP 	New trial (rep=0, index=2): {'delaymain': 0, 'delayms': '0ms'}
71.1543 	EXP 	window1: mouseVisible = False
71.1681 	EXP 	feedback_txt: autoDraw = False
71.1681 	EXP 	Instructions_3: autoDraw = True
72.2342 	EXP 	Instructions_3: autoDraw = False
72.2342 	EXP 	Instructions_5: autoDraw = True
72.2342 	EXP 	Instructions_5: autoDraw = False
72.2342 	EXP 	Instructions_5: autoDraw = False
72.2342 	EXP 	Instructions_6: autoDraw = True
72.3345 	EXP 	Instructions_6: autoDraw = False
72.3345 	EXP 	Instructions_6: autoDraw = False
72.3345 	EXP 	feedback_txt: text = '0ms'
72.3345 	EXP 	feedback_txt: autoDraw = True
72.9206 	EXP 	New trial (rep=0, index=3): {'delaymain': 0, 'delayms': '0ms'}
72.9208 	EXP 	window1: mouseVisible = False
72.9339 	EXP 	feedback_txt: autoDraw = False
72.9339 	EXP 	feedback_txt: autoDraw = False
72.9339 	EXP 	Instructions_3: autoDraw = True
73.5008 	EXP 	Instructions_3: autoDraw = False
73.5008 	EXP 	Instructions_5: autoDraw = True
73.5008 	EXP 	Instructions_5: autoDraw = False
73.5008 	EXP 	Instructions_5: autoDraw = False
73.5008 	EXP 	Instructions_6: autoDraw = True
73.6032 	EXP 	Instructions_6: autoDraw = False
73.6175 	EXP 	Instructions_6: autoDraw = False
73.6175 	EXP 	feedback_txt: text = '0ms'
73.6175 	EXP 	feedback_txt: autoDraw = True
74.2013 	EXP 	New trial (rep=0, index=4): {'delaymain': 0, 'delayms': '0ms'}
74.2015 	EXP 	window1: mouseVisible = False
74.2176 	EXP 	feedback_txt: autoDraw = False
74.2176 	EXP 	Instructions_3: autoDraw = True
74.6175 	EXP 	Instructions_3: autoDraw = False
74.6175 	EXP 	Instructions_5: autoDraw = True
74.6175 	EXP 	Instructions_5: autoDraw = False
74.6175 	EXP 	Instructions_5: autoDraw = False
74.6175 	EXP 	Instructions_6: autoDraw = True
74.7205 	EXP 	Instructions_6: autoDraw = False
74.7205 	EXP 	Instructions_6: autoDraw = False
74.7205 	EXP 	feedback_txt: text = '0ms'
74.7205 	EXP 	feedback_txt: autoDraw = True
75.3339 	EXP 	feedback_txt: autoDraw = False
75.3339 	EXP 	text_4: autoDraw = True
76.3387 	EXP 	Imported cond_long.xlsx as conditions, 5 conditions, 2 params
76.3391 	EXP 	Created sequence: random, trialTypes=5, nReps=1, seed=None
76.3393 	EXP 	New trial (rep=0, index=0): {'delaymain': 1, 'delayms': '1000ms'}
76.3394 	EXP 	window1: mouseVisible = False
76.3438 	EXP 	text_4: autoDraw = False
76.3438 	EXP 	Instructions_3: autoDraw = True
77.4840 	EXP 	Instructions_3: autoDraw = False
77.4840 	EXP 	Instructions_5: autoDraw = True
78.4839 	EXP 	Instructions_5: autoDraw = False
78.4839 	EXP 	Instructions_5: autoDraw = False
78.4839 	EXP 	Instructions_6: autoDraw = True
78.5837 	EXP 	Instructions_6: autoDraw = False
78.5837 	EXP 	Instructions_6: autoDraw = False
78.5837 	EXP 	feedback_txt: text = '1000ms'
78.5837 	EXP 	feedback_txt: autoDraw = True
79.1683 	EXP 	New trial (rep=0, index=1): {'delaymain': 1, 'delayms': '1000ms'}
79.1685 	EXP 	window1: mouseVisible = False
79.1838 	EXP 	feedback_txt: autoDraw = False
79.1838 	EXP 	feedback_txt: autoDraw = False
79.1838 	EXP 	Instructions_3: autoDraw = True
79.5007 	EXP 	Instructions_3: autoDraw = False
79.5007 	EXP 	Instructions_5: autoDraw = True
80.5006 	EXP 	Instructions_5: autoDraw = False
80.5006 	EXP 	Instructions_5: autoDraw = False
80.5006 	EXP 	Instructions_6: autoDraw = True
80.6006 	EXP 	Instructions_6: autoDraw = False
80.6006 	EXP 	Instructions_6: autoDraw = False
80.6006 	EXP 	feedback_txt: text = '1000ms'
80.6006 	EXP 	feedback_txt: autoDraw = True
81.1844 	EXP 	New trial (rep=0, index=2): {'delaymain': 1, 'delayms': '1000ms'}
81.1845 	EXP 	window1: mouseVisible = False
81.2043 	EXP 	feedback_txt: autoDraw = False
81.2043 	EXP 	feedback_txt: autoDraw = False
81.2043 	EXP 	Instructions_3: autoDraw = True
81.5007 	EXP 	Instructions_3: autoDraw = False
81.5007 	EXP 	Instructions_5: autoDraw = True
82.5006 	EXP 	Instructions_5: autoDraw = False
82.5006 	EXP 	Instructions_5: autoDraw = False
82.5006 	EXP 	Instructions_6: autoDraw = True
82.6005 	EXP 	Instructions_6: autoDraw = False
82.6005 	EXP 	feedback_txt: text = '1000ms'
82.6005 	EXP 	feedback_txt: autoDraw = True
83.1870 	EXP 	New trial (rep=0, index=3): {'delaymain': 1, 'delayms': '1000ms'}
83.1872 	EXP 	window1: mouseVisible = False
83.2009 	EXP 	feedback_txt: autoDraw = False
83.2009 	EXP 	Instructions_3: autoDraw = True
83.7012 	EXP 	Instructions_3: autoDraw = False
83.7012 	EXP 	Instructions_5: autoDraw = True
84.7005 	EXP 	Instructions_5: autoDraw = False
84.7005 	EXP 	Instructions_5: autoDraw = False
84.7005 	EXP 	Instructions_6: autoDraw = True
84.8007 	EXP 	Instructions_6: autoDraw = False
84.8007 	EXP 	Instructions_6: autoDraw = False
84.8007 	EXP 	feedback_txt: text = '1000ms'
84.8007 	EXP 	feedback_txt: autoDraw = True
85.3871 	EXP 	New trial (rep=0, index=4): {'delaymain': 1, 'delayms': '1000ms'}
85.3873 	EXP 	window1: mouseVisible = False
85.4015 	EXP 	feedback_txt: autoDraw = False
85.4015 	EXP 	feedback_txt: autoDraw = False
85.4015 	EXP 	Instructions_3: autoDraw = True
85.8176 	EXP 	Instructions_3: autoDraw = False
85.8176 	EXP 	Instructions_5: autoDraw = True
86.8175 	EXP 	Instructions_5: autoDraw = False
86.8175 	EXP 	Instructions_5: autoDraw = False
86.8175 	EXP 	Instructions_6: autoDraw = True
86.9174 	EXP 	Instructions_6: autoDraw = False
86.9174 	EXP 	Instructions_6: autoDraw = False
86.9174 	EXP 	feedback_txt: text = '1000ms'
86.9174 	EXP 	feedback_txt: autoDraw = True
87.5175 	EXP 	feedback_txt: autoDraw = False
87.5175 	EXP 	feedback_txt: autoDraw = False
87.5175 	EXP 	text_2: autoDraw = True
88.5200 	EXP 	Imported cond_LR_prac.xlsx as conditions, 11 conditions, 2 params
88.5205 	EXP 	Created sequence: random, trialTypes=11, nReps=3, seed=None
88.5207 	EXP 	New trial (rep=0, index=0): {'delaymain': 1, 'delayms': '1000ms'}
88.5209 	EXP 	window1: mouseVisible = False
88.5251 	EXP 	text_2: autoDraw = False
88.5251 	EXP 	text_2: autoDraw = False
88.5251 	EXP 	Instructions_3: autoDraw = True
89.5175 	EXP 	Instructions_3: autoDraw = False
89.5175 	EXP 	Instructions_5: autoDraw = True
90.5173 	EXP 	Instructions_5: autoDraw = False
90.5173 	EXP 	Instructions_5: autoDraw = False
90.5173 	EXP 	Instructions_6: autoDraw = True
90.6196 	EXP 	Instructions_6: autoDraw = False
90.6205 	EXP 	window1: mouseVisible = True
90.6610 	EXP 	Instructions_6: autoDraw = False
90.6610 	EXP 	timing_slider: markerPos = None
90.6610 	EXP 	timing_slider: markerPos = None
90.6610 	EXP 	timing_slider: rating = None
90.6610 	EXP 	timing_slider: autoDraw = True
90.6610 	EXP 	Timetext: autoDraw = True
90.6610 	EXP 	timing_question: autoDraw = True
96.1925 	DATA 	Mouse: Left button down, pos=(1470,329)
96.1928 	DATA 	Mouse:  Left button up, pos=(1470,329)
96.1931 	DATA 	Mouse: Left button down, pos=(1470,329)
96.2165 	EXP 	timing_slider: markerPos = 927.0833333333333
96.2365 	EXP 	timing_slider: markerPos = 927.0833333333333
96.2494 	EXP 	timing_slider: markerPos = 927.0833333333333
96.2665 	EXP 	timing_slider: markerPos = 927.0833333333333
96.2833 	EXP 	timing_slider: markerPos = 927.0833333333333
96.3002 	EXP 	timing_slider: markerPos = 927.0833333333333
96.3169 	EXP 	timing_slider: markerPos = 927.0833333333333
96.3335 	EXP 	timing_slider: markerPos = 926.3392857142858
96.3520 	EXP 	timing_slider: markerPos = 918.8988095238095
96.3695 	EXP 	timing_slider: markerPos = 906.25
96.3830 	EXP 	timing_slider: markerPos = 879.4642857142858
96.4005 	EXP 	timing_slider: markerPos = 816.2202380952382
96.4166 	EXP 	timing_slider: markerPos = 776.7857142857143
96.4333 	EXP 	timing_slider: markerPos = 740.327380952381
96.4499 	EXP 	timing_slider: markerPos = 702.3809523809523
96.4668 	EXP 	timing_slider: markerPos = 683.7797619047618
96.4835 	EXP 	timing_slider: markerPos = 674.8511904761905
96.5012 	EXP 	timing_slider: markerPos = 665.922619047619
96.5160 	EXP 	timing_slider: markerPos = 665.1785714285714
96.5333 	EXP 	timing_slider: markerPos = 664.4345238095239
96.5505 	EXP 	timing_slider: markerPos = 664.4345238095239
96.5665 	EXP 	timing_slider: markerPos = 664.4345238095239
96.5836 	EXP 	timing_slider: markerPos = 664.4345238095239
96.6004 	EXP 	timing_slider: markerPos = 664.4345238095239
96.6165 	EXP 	timing_slider: markerPos = 664.4345238095239
96.6335 	EXP 	timing_slider: markerPos = 664.4345238095239
96.6341 	DATA 	Mouse:  Left button up, pos=(1117,391)
96.6505 	EXP 	timing_slider: markerPos = 664.0
96.6505 	EXP 	timing_slider: rating = 664.0
103.0723 	DATA 	Mouse: Left button down, pos=(231,345)
103.0726 	DATA 	Mouse:  Left button up, pos=(231,345)
103.0728 	DATA 	Mouse: Left button down, pos=(231,345)
103.0839 	EXP 	timing_slider: markerPos = 5.208333333333314
103.0999 	EXP 	timing_slider: markerPos = 5.208333333333314
103.1165 	EXP 	timing_slider: markerPos = 5.208333333333314
103.1335 	EXP 	timing_slider: markerPos = 5.208333333333314
103.1502 	EXP 	timing_slider: markerPos = 5.208333333333314
103.1510 	DATA 	Mouse:  Left button up, pos=(231,345)
103.1674 	EXP 	timing_slider: markerPos = 5.0
103.1674 	EXP 	timing_slider: rating = 5.0
103.2345 	DATA 	Mouse: Left button down, pos=(231,345)
103.2504 	EXP 	timing_slider: markerPos = 5.208333333333314
103.2670 	EXP 	timing_slider: markerPos = 5.208333333333314
103.2838 	EXP 	timing_slider: markerPos = 5.208333333333314
103.3008 	EXP 	timing_slider: markerPos = 5.208333333333314
103.3123 	DATA 	Mouse:  Left button up, pos=(231,345)
103.3178 	EXP 	timing_slider: markerPos = 5.208333333333314
103.3358 	EXP 	timing_slider: markerPos = 5.0
103.3358 	EXP 	timing_slider: rating = 5.0
104.0848 	DATA 	Mouse: Left button down, pos=(699,322)
104.0851 	DATA 	Mouse:  Left button up, pos=(699,322)
104.0854 	DATA 	Mouse: Left button down, pos=(699,322)
104.1006 	EXP 	timing_slider: markerPos = 353.4226190476191
104.1179 	EXP 	timing_slider: markerPos = 353.4226190476191
104.1332 	EXP 	timing_slider: markerPos = 353.4226190476191
104.1502 	EXP 	timing_slider: markerPos = 353.4226190476191
104.1607 	DATA 	Mouse:  Left button up, pos=(699,322)
104.1669 	EXP 	timing_slider: markerPos = 353.4226190476191
104.1835 	EXP 	timing_slider: markerPos = 353.0
104.1835 	EXP 	timing_slider: rating = 353.0
104.2341 	DATA 	Mouse: Left button down, pos=(699,322)
104.2506 	EXP 	timing_slider: markerPos = 353.4226190476191
104.2670 	EXP 	timing_slider: markerPos = 353.4226190476191
104.2840 	EXP 	timing_slider: markerPos = 353.4226190476191
104.3003 	EXP 	timing_slider: markerPos = 353.4226190476191
104.3169 	EXP 	timing_slider: markerPos = 353.4226190476191
104.3340 	EXP 	timing_slider: markerPos = 353.4226190476191
104.3502 	EXP 	timing_slider: markerPos = 353.4226190476191
104.3509 	DATA 	Mouse:  Left button up, pos=(699,322)
104.3680 	EXP 	timing_slider: markerPos = 353.0
104.3680 	EXP 	timing_slider: rating = 353.0
106.3844 	DATA 	Mouse: Left button down, pos=(881,328)
106.3848 	DATA 	Mouse:  Left button up, pos=(881,328)
106.3850 	DATA 	Mouse: Left button down, pos=(881,328)
106.4008 	EXP 	timing_slider: markerPos = 488.8392857142857
106.4167 	EXP 	timing_slider: markerPos = 488.8392857142857
106.4335 	EXP 	timing_slider: markerPos = 488.8392857142857
106.4503 	EXP 	timing_slider: markerPos = 488.8392857142857
106.4668 	EXP 	timing_slider: markerPos = 488.8392857142857
106.4835 	EXP 	timing_slider: markerPos = 488.8392857142857
106.4951 	DATA 	Mouse:  Left button up, pos=(881,328)
106.5009 	EXP 	timing_slider: markerPos = 488.8392857142857
106.5187 	EXP 	timing_slider: markerPos = 489.0
106.5187 	EXP 	timing_slider: rating = 489.0
108.0401 	DATA 	Mouse: Left button down, pos=(1043,345)
108.0405 	DATA 	Mouse:  Left button up, pos=(1043,345)
108.0408 	DATA 	Mouse: Left button down, pos=(1043,345)
108.0525 	EXP 	timing_slider: markerPos = 609.375
108.0666 	EXP 	timing_slider: markerPos = 609.375
108.0840 	EXP 	timing_slider: markerPos = 609.375
108.1002 	EXP 	timing_slider: markerPos = 609.375
108.1169 	EXP 	timing_slider: markerPos = 609.375
108.1219 	DATA 	Mouse:  Left button up, pos=(1043,345)
108.1327 	EXP 	timing_slider: markerPos = 609.0
108.1327 	EXP 	timing_slider: rating = 609.0
109.2269 	DATA 	Mouse: Left button down, pos=(880,332)
109.2273 	DATA 	Mouse:  Left button up, pos=(880,332)
109.2276 	DATA 	Mouse: Left button down, pos=(880,332)
109.2502 	EXP 	timing_slider: markerPos = 488.0952380952381
109.2669 	EXP 	timing_slider: markerPos = 488.0952380952381
109.2837 	EXP 	timing_slider: markerPos = 488.0952380952381
109.3007 	EXP 	timing_slider: markerPos = 488.0952380952381
109.3119 	DATA 	Mouse:  Left button up, pos=(880,332)
109.3177 	EXP 	timing_slider: markerPos = 488.0952380952381
109.3327 	EXP 	timing_slider: markerPos = 488.0
109.3327 	EXP 	timing_slider: rating = 488.0
109.3842 	DATA 	Mouse: Left button down, pos=(880,332)
109.4001 	EXP 	timing_slider: markerPos = 488.0952380952381
109.4166 	EXP 	timing_slider: markerPos = 488.0952380952381
109.4332 	EXP 	timing_slider: markerPos = 488.0952380952381
109.4501 	EXP 	timing_slider: markerPos = 488.0952380952381
109.4673 	EXP 	timing_slider: markerPos = 488.0952380952381
109.4723 	DATA 	Mouse:  Left button up, pos=(880,332)
109.4842 	EXP 	timing_slider: markerPos = 488.0
109.4842 	EXP 	timing_slider: rating = 488.0
110.0217 	DATA 	Mouse: Left button down, pos=(758,333)
110.0220 	DATA 	Mouse:  Left button up, pos=(758,333)
110.0222 	DATA 	Mouse: Left button down, pos=(758,333)
110.0335 	EXP 	timing_slider: markerPos = 397.32142857142856
110.0501 	EXP 	timing_slider: markerPos = 397.32142857142856
110.0672 	EXP 	timing_slider: markerPos = 397.32142857142856
110.0832 	EXP 	timing_slider: markerPos = 397.32142857142856
110.1000 	EXP 	timing_slider: markerPos = 397.32142857142856
110.1007 	DATA 	Mouse:  Left button up, pos=(758,333)
110.1175 	EXP 	timing_slider: markerPos = 397.0
110.1175 	EXP 	timing_slider: rating = 397.0
112.4774 	DATA 	Mouse: Left button down, pos=(815,358)
112.4777 	DATA 	Mouse:  Left button up, pos=(815,358)
112.4780 	DATA 	Mouse: Left button down, pos=(815,358)
112.4995 	EXP 	timing_slider: markerPos = 439.73214285714283
112.5163 	EXP 	timing_slider: markerPos = 439.73214285714283
112.5333 	EXP 	timing_slider: markerPos = 439.73214285714283
112.5437 	DATA 	Mouse:  Left button up, pos=(815,358)
112.5497 	EXP 	timing_slider: markerPos = 439.73214285714283
112.5669 	EXP 	timing_slider: markerPos = 440.0
112.5669 	EXP 	timing_slider: rating = 440.0
113.5682 	DATA 	Mouse: Left button down, pos=(915,352)
113.5686 	DATA 	Mouse:  Left button up, pos=(915,352)
113.5689 	DATA 	Mouse: Left button down, pos=(915,352)
113.5846 	EXP 	timing_slider: markerPos = 514.1369047619048
113.6002 	EXP 	timing_slider: markerPos = 514.1369047619048
113.6163 	EXP 	timing_slider: markerPos = 514.1369047619048
113.6334 	EXP 	timing_slider: markerPos = 514.1369047619048
113.6390 	DATA 	Mouse:  Left button up, pos=(915,352)
113.6509 	EXP 	timing_slider: markerPos = 514.0
113.6509 	EXP 	timing_slider: rating = 514.0
114.4549 	DATA 	Mouse: Left button down, pos=(983,337)
114.4552 	DATA 	Mouse:  Left button up, pos=(983,337)
114.4555 	DATA 	Mouse: Left button down, pos=(983,337)
114.4614 	DATA 	Mouse:  Left button up, pos=(983,337)
114.4667 	EXP 	timing_slider: markerPos = 564.7321428571429
114.4829 	EXP 	timing_slider: markerPos = 565.0
114.4829 	EXP 	timing_slider: rating = 565.0
115.2007 	DATA 	Mouse: Left button down, pos=(889,326)
115.2010 	DATA 	Mouse:  Left button up, pos=(889,326)
115.2013 	DATA 	Mouse: Left button down, pos=(889,326)
115.2065 	DATA 	Mouse:  Left button up, pos=(889,326)
115.5342 	DATA 	Mouse: Left button down, pos=(889,326)
115.5347 	DATA 	Mouse:  Left button up, pos=(889,326)
115.8596 	DATA 	Mouse: Left button down, pos=(889,326)
115.8828 	EXP 	timing_slider: markerPos = 494.7916666666667
115.8995 	EXP 	timing_slider: markerPos = 494.7916666666667
115.9166 	EXP 	timing_slider: markerPos = 494.7916666666667
115.9333 	EXP 	timing_slider: markerPos = 494.7916666666667
115.9495 	EXP 	timing_slider: markerPos = 494.7916666666667
115.9501 	DATA 	Mouse:  Left button up, pos=(889,327)
115.9665 	EXP 	timing_slider: markerPos = 495.0
115.9665 	EXP 	timing_slider: rating = 495.0
116.0176 	DATA 	Mouse: Left button down, pos=(889,327)
116.0329 	EXP 	timing_slider: markerPos = 494.7916666666667
116.0501 	EXP 	timing_slider: markerPos = 494.7916666666667
116.0670 	EXP 	timing_slider: markerPos = 494.7916666666667
116.0832 	EXP 	timing_slider: markerPos = 494.7916666666667
116.1000 	EXP 	timing_slider: markerPos = 494.7916666666667
116.1007 	DATA 	Mouse:  Left button up, pos=(889,327)
116.1175 	EXP 	timing_slider: markerPos = 495.0
116.1175 	EXP 	timing_slider: rating = 495.0
116.8010 	DATA 	Mouse: Left button down, pos=(947,328)
116.8013 	DATA 	Mouse:  Left button up, pos=(947,328)
116.8015 	DATA 	Mouse: Left button down, pos=(947,328)
116.8164 	EXP 	timing_slider: markerPos = 537.9464285714286
116.8335 	EXP 	timing_slider: markerPos = 537.9464285714286
116.8500 	EXP 	timing_slider: markerPos = 537.9464285714286
116.8670 	EXP 	timing_slider: markerPos = 537.9464285714286
116.8764 	DATA 	Mouse:  Left button up, pos=(947,328)
116.8831 	EXP 	timing_slider: markerPos = 537.9464285714286
116.8999 	EXP 	timing_slider: markerPos = 538.0
116.8999 	EXP 	timing_slider: rating = 538.0
118.1176 	DATA 	Mouse: Left button down, pos=(872,333)
118.1179 	DATA 	Mouse:  Left button up, pos=(872,333)
118.1182 	DATA 	Mouse: Left button down, pos=(872,333)
118.1230 	DATA 	Mouse:  Left button up, pos=(872,333)
118.5181 	DATA 	Mouse: Left button down, pos=(872,333)
118.5229 	DATA 	Mouse:  Left button up, pos=(872,333)
118.8749 	DATA 	Mouse: Left button down, pos=(872,333)
118.9002 	EXP 	timing_slider: markerPos = 482.14285714285717
118.9172 	EXP 	timing_slider: markerPos = 482.14285714285717
118.9333 	EXP 	timing_slider: markerPos = 482.14285714285717
118.9340 	DATA 	Mouse:  Left button up, pos=(872,333)
118.9504 	EXP 	timing_slider: markerPos = 482.0
118.9504 	EXP 	timing_slider: rating = 482.0
119.0177 	DATA 	Mouse: Left button down, pos=(872,333)
119.0336 	EXP 	timing_slider: markerPos = 482.14285714285717
119.0501 	EXP 	timing_slider: markerPos = 482.14285714285717
119.0668 	EXP 	timing_slider: markerPos = 482.14285714285717
119.0840 	EXP 	timing_slider: markerPos = 482.14285714285717
119.0939 	DATA 	Mouse:  Left button up, pos=(872,333)
119.1000 	EXP 	timing_slider: markerPos = 482.14285714285717
119.1168 	EXP 	timing_slider: markerPos = 482.0
119.1168 	EXP 	timing_slider: rating = 482.0
122.1512 	DATA 	Mouse: Left button down, pos=(1028,343)
122.1516 	DATA 	Mouse:  Left button up, pos=(1028,343)
122.1519 	DATA 	Mouse: Left button down, pos=(1028,343)
122.1676 	EXP 	timing_slider: markerPos = 598.2142857142857
122.1833 	EXP 	timing_slider: markerPos = 598.2142857142857
122.2001 	EXP 	timing_slider: markerPos = 598.2142857142857
122.2164 	EXP 	timing_slider: markerPos = 598.2142857142857
122.2332 	EXP 	timing_slider: markerPos = 598.2142857142857
122.2499 	EXP 	timing_slider: markerPos = 598.2142857142857
122.2546 	DATA 	Mouse:  Left button up, pos=(1028,343)
122.2668 	EXP 	timing_slider: markerPos = 598.0
122.2668 	EXP 	timing_slider: rating = 598.0
123.1415 	DATA 	Mouse: Left button down, pos=(898,332)
123.1419 	DATA 	Mouse:  Left button up, pos=(898,332)
123.1420 	DATA 	Mouse: Left button down, pos=(898,332)
123.1663 	EXP 	timing_slider: markerPos = 501.48809523809524
123.1831 	EXP 	timing_slider: markerPos = 501.48809523809524
123.1994 	EXP 	timing_slider: markerPos = 501.48809523809524
123.2165 	EXP 	timing_slider: markerPos = 501.48809523809524
123.2333 	EXP 	timing_slider: markerPos = 501.48809523809524
123.2385 	DATA 	Mouse:  Left button up, pos=(898,332)
123.2505 	EXP 	timing_slider: markerPos = 501.0
123.2505 	EXP 	timing_slider: rating = 501.0
124.1014 	DATA 	Mouse: Left button down, pos=(755,332)
124.1017 	DATA 	Mouse:  Left button up, pos=(755,332)
124.1020 	DATA 	Mouse: Left button down, pos=(755,332)
124.1178 	EXP 	timing_slider: markerPos = 395.0892857142857
124.1325 	EXP 	timing_slider: markerPos = 395.0892857142857
124.1496 	EXP 	timing_slider: markerPos = 395.0892857142857
124.1662 	EXP 	timing_slider: markerPos = 395.0892857142857
124.1834 	EXP 	timing_slider: markerPos = 395.0892857142857
124.1996 	EXP 	timing_slider: markerPos = 395.0892857142857
124.2045 	DATA 	Mouse:  Left button up, pos=(755,332)
124.2168 	EXP 	timing_slider: markerPos = 395.0
124.2168 	EXP 	timing_slider: rating = 395.0
125.2179 	DATA 	Mouse: Left button down, pos=(914,332)
125.2183 	DATA 	Mouse:  Left button up, pos=(914,332)
125.2186 	DATA 	Mouse: Left button down, pos=(914,332)
125.2337 	EXP 	timing_slider: markerPos = 513.3928571428571
125.2494 	EXP 	timing_slider: markerPos = 513.3928571428571
125.2663 	EXP 	timing_slider: markerPos = 513.3928571428571
125.2831 	EXP 	timing_slider: markerPos = 513.3928571428571
125.3002 	EXP 	timing_slider: markerPos = 513.3928571428571
125.3162 	EXP 	timing_slider: markerPos = 513.3928571428571
125.3330 	EXP 	timing_slider: markerPos = 513.3928571428571
125.3495 	EXP 	timing_slider: markerPos = 513.3928571428571
125.3502 	DATA 	Mouse:  Left button up, pos=(914,332)
125.3664 	EXP 	timing_slider: markerPos = 513.0
125.3664 	EXP 	timing_slider: rating = 513.0
127.4512 	DATA 	Mouse: Left button down, pos=(1106,333)
127.4516 	DATA 	Mouse:  Left button up, pos=(1106,333)
127.4518 	DATA 	Mouse: Left button down, pos=(1106,333)
127.4574 	DATA 	Mouse:  Left button up, pos=(1106,333)
128.1389 	DATA 	Mouse: Left button down, pos=(1106,333)
128.1392 	DATA 	Mouse:  Left button up, pos=(1106,333)
128.1394 	DATA 	Mouse: Left button down, pos=(1106,333)
128.1450 	DATA 	Mouse:  Left button up, pos=(1106,333)
128.1505 	EXP 	timing_slider: markerPos = 656.25
128.1662 	EXP 	timing_slider: markerPos = 656.0
128.1662 	EXP 	timing_slider: rating = 656.0
129.1880 	DATA 	Mouse: Left button down, pos=(861,335)
129.1883 	DATA 	Mouse:  Left button up, pos=(861,335)
129.1886 	DATA 	Mouse: Left button down, pos=(861,335)
129.1946 	DATA 	Mouse:  Left button up, pos=(861,335)
129.1993 	EXP 	timing_slider: markerPos = 473.9583333333333
129.2171 	EXP 	timing_slider: markerPos = 474.0
129.2171 	EXP 	timing_slider: rating = 474.0
132.8508 	DATA 	Mouse: Left button down, pos=(897,198)
132.8512 	DATA 	Mouse:  Left button up, pos=(897,198)
132.8514 	DATA 	Mouse: Left button down, pos=(897,198)
132.8662 	EXP 	timing_slider: autoDraw = False
132.8662 	EXP 	Timetext: autoDraw = False
132.8662 	EXP 	timing_question: autoDraw = False
132.8662 	EXP 	feedback_txt: text = '1000ms'
132.8662 	EXP 	feedback_txt: autoDraw = True
132.9349 	DATA 	Mouse:  Left button up, pos=(897,198)
133.4513 	EXP 	New trial (rep=0, index=1): {'delaymain': 0, 'delayms': '0ms'}
133.4523 	EXP 	window1: mouseVisible = False
133.4669 	EXP 	feedback_txt: autoDraw = False
133.4669 	EXP 	feedback_txt: autoDraw = False
133.4669 	EXP 	Instructions_3: autoDraw = True
137.0666 	EXP 	Instructions_3: autoDraw = False
137.0666 	EXP 	Instructions_5: autoDraw = True
137.0666 	EXP 	Instructions_5: autoDraw = False
137.0666 	EXP 	Instructions_5: autoDraw = False
137.0666 	EXP 	Instructions_6: autoDraw = True
137.1539 	EXP 	window1: mouseVisible = True
137.1723 	EXP 	Instructions_6: autoDraw = False
137.1723 	EXP 	Instructions_6: autoDraw = False
137.1723 	EXP 	timing_slider: markerPos = None
137.1723 	EXP 	timing_slider: markerPos = None
137.1723 	EXP 	timing_slider: rating = None
137.1723 	EXP 	timing_slider: autoDraw = True
137.1723 	EXP 	Timetext: autoDraw = True
137.1723 	EXP 	timing_question: autoDraw = True
138.5176 	DATA 	Mouse: Left button down, pos=(877,311)
138.5180 	DATA 	Mouse:  Left button up, pos=(877,311)
138.5182 	DATA 	Mouse: Left button down, pos=(877,311)
138.5334 	EXP 	timing_slider: markerPos = 485.86309523809524
138.5498 	EXP 	timing_slider: markerPos = 485.86309523809524
138.5662 	EXP 	timing_slider: markerPos = 485.86309523809524
138.5833 	EXP 	timing_slider: markerPos = 485.86309523809524
138.5999 	EXP 	timing_slider: markerPos = 485.86309523809524
138.6006 	DATA 	Mouse:  Left button up, pos=(877,311)
138.6170 	EXP 	timing_slider: markerPos = 486.0
138.6170 	EXP 	timing_slider: rating = 486.0
157.6339 	DATA 	Mouse: Left button down, pos=(868,219)
157.6343 	DATA 	Mouse:  Left button up, pos=(868,219)
157.6347 	DATA 	Mouse: Left button down, pos=(868,219)
157.6495 	EXP 	timing_slider: autoDraw = False
157.6495 	EXP 	Timetext: autoDraw = False
157.6495 	EXP 	timing_question: autoDraw = False
157.6495 	EXP 	feedback_txt: text = '0ms'
157.6495 	EXP 	feedback_txt: autoDraw = True
157.7178 	DATA 	Mouse:  Left button up, pos=(868,219)
157.8017 	DATA 	Mouse: Left button down, pos=(868,219)
157.8870 	DATA 	Mouse:  Left button up, pos=(868,219)
158.2337 	EXP 	New trial (rep=0, index=2): {'delaymain': 0.7, 'delayms': '700ms'}
158.2348 	EXP 	window1: mouseVisible = False
158.2499 	EXP 	feedback_txt: autoDraw = False
158.2499 	EXP 	feedback_txt: autoDraw = False
158.2499 	EXP 	Instructions_3: autoDraw = True
159.6166 	EXP 	Instructions_3: autoDraw = False
159.6166 	EXP 	Instructions_5: autoDraw = True
160.3161 	EXP 	Instructions_5: autoDraw = False
160.3161 	EXP 	Instructions_5: autoDraw = False
160.3161 	EXP 	Instructions_6: autoDraw = True
160.4185 	EXP 	Instructions_6: autoDraw = False
160.4191 	EXP 	window1: mouseVisible = True
160.4370 	EXP 	Instructions_6: autoDraw = False
160.4370 	EXP 	timing_slider: markerPos = None
160.4370 	EXP 	timing_slider: markerPos = None
160.4370 	EXP 	timing_slider: rating = None
160.4370 	EXP 	timing_slider: autoDraw = True
160.4370 	EXP 	Timetext: autoDraw = True
160.4370 	EXP 	timing_question: autoDraw = True
161.6916 	DATA 	Mouse: Left button down, pos=(937,326)
161.6919 	DATA 	Mouse:  Left button up, pos=(937,326)
161.6922 	DATA 	Mouse: Left button down, pos=(937,326)
161.7160 	EXP 	timing_slider: markerPos = 530.5059523809523
161.7329 	EXP 	timing_slider: markerPos = 530.5059523809523
161.7497 	EXP 	timing_slider: markerPos = 530.5059523809523
161.7660 	EXP 	timing_slider: markerPos = 530.5059523809523
161.7761 	DATA 	Mouse:  Left button up, pos=(937,326)
161.7828 	EXP 	timing_slider: markerPos = 530.5059523809523
161.7991 	EXP 	timing_slider: markerPos = 531.0
161.7991 	EXP 	timing_slider: rating = 531.0
162.9011 	DATA 	Mouse: Left button down, pos=(904,204)
162.9015 	DATA 	Mouse:  Left button up, pos=(904,204)
162.9017 	DATA 	Mouse: Left button down, pos=(904,204)
162.9160 	EXP 	timing_slider: autoDraw = False
162.9160 	EXP 	Timetext: autoDraw = False
162.9160 	EXP 	timing_question: autoDraw = False
162.9160 	EXP 	feedback_txt: text = '700ms'
162.9160 	EXP 	feedback_txt: autoDraw = True
162.9706 	DATA 	Mouse:  Left button up, pos=(904,204)
163.5005 	EXP 	New trial (rep=0, index=3): {'delaymain': 0.2, 'delayms': '200ms'}
163.5013 	EXP 	window1: mouseVisible = False
163.5164 	EXP 	feedback_txt: autoDraw = False
163.5164 	EXP 	feedback_txt: autoDraw = False
163.5164 	EXP 	Instructions_3: autoDraw = True
167.1814 	EXP 	window1: mouseVisible = True
